mode: set
github.com/openshift/oadp-operator/pkg/credentials/credentials.go:64.60,65.76 1 1
github.com/openshift/oadp-operator/pkg/credentials/credentials.go:68.2,68.47 1 1
github.com/openshift/oadp-operator/pkg/credentials/credentials.go:71.2,71.153 1 1
github.com/openshift/oadp-operator/pkg/credentials/credentials.go:65.76,67.3 1 1
github.com/openshift/oadp-operator/pkg/credentials/credentials.go:68.47,70.3 1 1
github.com/openshift/oadp-operator/pkg/credentials/credentials.go:74.60,75.76 1 1
github.com/openshift/oadp-operator/pkg/credentials/credentials.go:78.2,78.47 1 1
github.com/openshift/oadp-operator/pkg/credentials/credentials.go:81.2,81.153 1 1
github.com/openshift/oadp-operator/pkg/credentials/credentials.go:75.76,77.3 1 1
github.com/openshift/oadp-operator/pkg/credentials/credentials.go:78.47,80.3 1 1
github.com/openshift/oadp-operator/pkg/credentials/credentials.go:84.60,85.76 1 1
github.com/openshift/oadp-operator/pkg/credentials/credentials.go:88.2,88.47 1 1
github.com/openshift/oadp-operator/pkg/credentials/credentials.go:91.2,91.153 1 1
github.com/openshift/oadp-operator/pkg/credentials/credentials.go:85.76,87.3 1 1
github.com/openshift/oadp-operator/pkg/credentials/credentials.go:88.47,90.3 1 1
github.com/openshift/oadp-operator/pkg/credentials/credentials.go:94.66,95.82 1 1
github.com/openshift/oadp-operator/pkg/credentials/credentials.go:98.2,98.53 1 1
github.com/openshift/oadp-operator/pkg/credentials/credentials.go:101.2,101.165 1 1
github.com/openshift/oadp-operator/pkg/credentials/credentials.go:95.82,97.3 1 1
github.com/openshift/oadp-operator/pkg/credentials/credentials.go:98.53,100.3 1 1
github.com/openshift/oadp-operator/pkg/credentials/credentials.go:104.62,105.78 1 1
github.com/openshift/oadp-operator/pkg/credentials/credentials.go:108.2,108.49 1 1
github.com/openshift/oadp-operator/pkg/credentials/credentials.go:111.2,111.157 1 1
github.com/openshift/oadp-operator/pkg/credentials/credentials.go:105.78,107.3 1 1
github.com/openshift/oadp-operator/pkg/credentials/credentials.go:108.49,110.3 1 1
github.com/openshift/oadp-operator/pkg/credentials/credentials.go:114.76,115.20 1 1
github.com/openshift/oadp-operator/pkg/credentials/credentials.go:132.2,132.11 1 0
github.com/openshift/oadp-operator/pkg/credentials/credentials.go:117.33,118.35 1 1
github.com/openshift/oadp-operator/pkg/credentials/credentials.go:120.33,121.35 1 1
github.com/openshift/oadp-operator/pkg/credentials/credentials.go:123.33,124.35 1 1
github.com/openshift/oadp-operator/pkg/credentials/credentials.go:126.39,127.41 1 1
github.com/openshift/oadp-operator/pkg/credentials/credentials.go:129.35,130.37 1 1
github.com/openshift/oadp-operator/pkg/credentials/credentials.go:135.90,138.61 2 0
github.com/openshift/oadp-operator/pkg/credentials/credentials.go:143.2,143.58 1 0
github.com/openshift/oadp-operator/pkg/credentials/credentials.go:194.2,194.12 1 0
github.com/openshift/oadp-operator/pkg/credentials/credentials.go:138.61,139.38 1 0
github.com/openshift/oadp-operator/pkg/credentials/credentials.go:139.38,141.4 1 0
github.com/openshift/oadp-operator/pkg/credentials/credentials.go:143.58,148.63 1 0
github.com/openshift/oadp-operator/pkg/credentials/credentials.go:148.63,149.41 1 0
github.com/openshift/oadp-operator/pkg/credentials/credentials.go:154.4,157.59 2 0
github.com/openshift/oadp-operator/pkg/credentials/credentials.go:164.4,175.30 2 0
github.com/openshift/oadp-operator/pkg/credentials/credentials.go:149.41,150.13 1 0
github.com/openshift/oadp-operator/pkg/credentials/credentials.go:157.59,158.96 1 0
github.com/openshift/oadp-operator/pkg/credentials/credentials.go:158.96,160.14 2 0
github.com/openshift/oadp-operator/pkg/credentials/credentials.go:175.30,190.5 2 0
github.com/openshift/oadp-operator/pkg/credentials/credentials.go:198.139,199.58 1 0
github.com/openshift/oadp-operator/pkg/credentials/credentials.go:264.2,264.44 1 0
github.com/openshift/oadp-operator/pkg/credentials/credentials.go:284.2,284.12 1 0
github.com/openshift/oadp-operator/pkg/credentials/credentials.go:199.58,200.64 1 0
github.com/openshift/oadp-operator/pkg/credentials/credentials.go:200.64,217.42 2 0
github.com/openshift/oadp-operator/pkg/credentials/credentials.go:221.4,223.59 2 0
github.com/openshift/oadp-operator/pkg/credentials/credentials.go:232.4,232.30 1 0
github.com/openshift/oadp-operator/pkg/credentials/credentials.go:250.4,259.7 1 0
github.com/openshift/oadp-operator/pkg/credentials/credentials.go:217.42,218.13 1 0
github.com/openshift/oadp-operator/pkg/credentials/credentials.go:223.59,224.39 1 0
github.com/openshift/oadp-operator/pkg/credentials/credentials.go:224.39,225.63 1 0
github.com/openshift/oadp-operator/pkg/credentials/credentials.go:228.6,228.14 1 0
github.com/openshift/oadp-operator/pkg/credentials/credentials.go:225.63,227.7 1 0
github.com/openshift/oadp-operator/pkg/credentials/credentials.go:232.30,247.5 2 0
github.com/openshift/oadp-operator/pkg/credentials/credentials.go:264.44,265.58 1 0
github.com/openshift/oadp-operator/pkg/credentials/credentials.go:265.58,282.4 1 0
github.com/openshift/oadp-operator/controllers/velero_controller.go:71.98,80.64 7 0
github.com/openshift/oadp-operator/controllers/velero_controller.go:84.2,99.16 2 0
github.com/openshift/oadp-operator/controllers/velero_controller.go:118.2,119.16 2 0
github.com/openshift/oadp-operator/controllers/velero_controller.go:123.2,123.27 1 0
github.com/openshift/oadp-operator/controllers/velero_controller.go:80.64,83.3 2 0
github.com/openshift/oadp-operator/controllers/velero_controller.go:99.16,108.3 1 0
github.com/openshift/oadp-operator/controllers/velero_controller.go:108.8,117.3 1 0
github.com/openshift/oadp-operator/controllers/velero_controller.go:119.16,121.3 1 0
github.com/openshift/oadp-operator/controllers/velero_controller.go:127.69,142.2 1 0
github.com/openshift/oadp-operator/controllers/velero_controller.go:148.83,149.35 1 0
github.com/openshift/oadp-operator/controllers/velero_controller.go:154.2,154.18 1 0
github.com/openshift/oadp-operator/controllers/velero_controller.go:149.35,150.45 1 0
github.com/openshift/oadp-operator/controllers/velero_controller.go:150.45,152.4 1 0
github.com/openshift/oadp-operator/controllers/vsl.go:14.91,16.68 2 0
github.com/openshift/oadp-operator/controllers/vsl.go:77.2,77.18 1 0
github.com/openshift/oadp-operator/controllers/vsl.go:16.68,18.3 1 0
github.com/openshift/oadp-operator/controllers/vsl.go:80.92,82.68 2 0
github.com/openshift/oadp-operator/controllers/vsl.go:87.2,87.62 1 0
github.com/openshift/oadp-operator/controllers/vsl.go:127.2,127.18 1 0
github.com/openshift/oadp-operator/controllers/vsl.go:82.68,84.3 1 0
github.com/openshift/oadp-operator/controllers/vsl.go:87.62,99.84 2 0
github.com/openshift/oadp-operator/controllers/vsl.go:114.3,114.17 1 0
github.com/openshift/oadp-operator/controllers/vsl.go:117.3,117.97 1 0
github.com/openshift/oadp-operator/controllers/vsl.go:99.84,106.18 2 0
github.com/openshift/oadp-operator/controllers/vsl.go:111.4,112.14 2 0
github.com/openshift/oadp-operator/controllers/vsl.go:106.18,108.5 1 0
github.com/openshift/oadp-operator/controllers/vsl.go:114.17,116.4 1 0
github.com/openshift/oadp-operator/controllers/vsl.go:117.97,124.4 1 0
github.com/openshift/oadp-operator/controllers/vsl.go:130.66,131.25 1 0
github.com/openshift/oadp-operator/controllers/vsl.go:136.2,136.14 1 0
github.com/openshift/oadp-operator/controllers/vsl.go:131.25,132.28 1 0
github.com/openshift/oadp-operator/controllers/vsl.go:132.28,134.4 1 0
github.com/openshift/oadp-operator/controllers/bsl.go:15.90,17.68 2 1
github.com/openshift/oadp-operator/controllers/bsl.go:21.2,21.73 1 1
github.com/openshift/oadp-operator/controllers/bsl.go:26.2,26.60 1 1
github.com/openshift/oadp-operator/controllers/bsl.go:32.2,32.61 1 1
github.com/openshift/oadp-operator/controllers/bsl.go:63.2,63.18 1 1
github.com/openshift/oadp-operator/controllers/bsl.go:17.68,19.3 1 0
github.com/openshift/oadp-operator/controllers/bsl.go:21.73,23.3 1 1
github.com/openshift/oadp-operator/controllers/bsl.go:26.60,28.3 1 0
github.com/openshift/oadp-operator/controllers/bsl.go:32.61,34.25 2 1
github.com/openshift/oadp-operator/controllers/bsl.go:39.3,39.19 1 1
github.com/openshift/oadp-operator/controllers/bsl.go:34.25,36.4 1 1
github.com/openshift/oadp-operator/controllers/bsl.go:40.37,42.18 2 1
github.com/openshift/oadp-operator/controllers/bsl.go:45.41,47.18 2 1
github.com/openshift/oadp-operator/controllers/bsl.go:50.37,52.18 2 1
github.com/openshift/oadp-operator/controllers/bsl.go:56.11,57.98 1 1
github.com/openshift/oadp-operator/controllers/bsl.go:42.18,44.5 1 1
github.com/openshift/oadp-operator/controllers/bsl.go:47.18,49.5 1 1
github.com/openshift/oadp-operator/controllers/bsl.go:52.18,54.5 1 1
github.com/openshift/oadp-operator/controllers/bsl.go:66.91,68.68 2 0
github.com/openshift/oadp-operator/controllers/bsl.go:72.2,72.61 1 0
github.com/openshift/oadp-operator/controllers/bsl.go:107.2,107.18 1 0
github.com/openshift/oadp-operator/controllers/bsl.go:68.68,70.3 1 0
github.com/openshift/oadp-operator/controllers/bsl.go:72.61,84.84 2 0
github.com/openshift/oadp-operator/controllers/bsl.go:95.3,95.17 1 0
github.com/openshift/oadp-operator/controllers/bsl.go:98.3,98.97 1 0
github.com/openshift/oadp-operator/controllers/bsl.go:84.84,94.4 2 0
github.com/openshift/oadp-operator/controllers/bsl.go:95.17,97.4 1 0
github.com/openshift/oadp-operator/controllers/bsl.go:98.97,105.4 1 0
github.com/openshift/oadp-operator/controllers/bsl.go:110.118,113.16 2 1
github.com/openshift/oadp-operator/controllers/bsl.go:117.2,125.12 2 1
github.com/openshift/oadp-operator/controllers/bsl.go:113.16,115.3 1 0
github.com/openshift/oadp-operator/controllers/bsl.go:128.140,131.16 2 1
github.com/openshift/oadp-operator/controllers/bsl.go:136.2,136.34 1 1
github.com/openshift/oadp-operator/controllers/bsl.go:140.2,140.44 1 1
github.com/openshift/oadp-operator/controllers/bsl.go:144.2,144.38 1 1
github.com/openshift/oadp-operator/controllers/bsl.go:150.2,150.12 1 1
github.com/openshift/oadp-operator/controllers/bsl.go:131.16,133.3 1 1
github.com/openshift/oadp-operator/controllers/bsl.go:136.34,138.3 1 1
github.com/openshift/oadp-operator/controllers/bsl.go:140.44,142.3 1 1
github.com/openshift/oadp-operator/controllers/bsl.go:144.38,146.3 1 1
github.com/openshift/oadp-operator/controllers/bsl.go:153.142,156.16 2 1
github.com/openshift/oadp-operator/controllers/bsl.go:161.2,161.34 1 1
github.com/openshift/oadp-operator/controllers/bsl.go:165.2,165.44 1 1
github.com/openshift/oadp-operator/controllers/bsl.go:169.2,169.45 1 1
github.com/openshift/oadp-operator/controllers/bsl.go:173.2,173.46 1 1
github.com/openshift/oadp-operator/controllers/bsl.go:177.2,177.12 1 1
github.com/openshift/oadp-operator/controllers/bsl.go:156.16,158.3 1 0
github.com/openshift/oadp-operator/controllers/bsl.go:161.34,163.3 1 0
github.com/openshift/oadp-operator/controllers/bsl.go:165.44,167.3 1 0
github.com/openshift/oadp-operator/controllers/bsl.go:169.45,171.3 1 1
github.com/openshift/oadp-operator/controllers/bsl.go:173.46,175.3 1 1
github.com/openshift/oadp-operator/controllers/bsl.go:180.140,183.16 2 1
github.com/openshift/oadp-operator/controllers/bsl.go:188.2,188.34 1 1
github.com/openshift/oadp-operator/controllers/bsl.go:192.2,192.44 1 1
github.com/openshift/oadp-operator/controllers/bsl.go:196.2,196.12 1 1
github.com/openshift/oadp-operator/controllers/bsl.go:183.16,185.3 1 0
github.com/openshift/oadp-operator/controllers/bsl.go:188.34,190.3 1 0
github.com/openshift/oadp-operator/controllers/bsl.go:192.44,194.3 1 1
github.com/openshift/oadp-operator/controllers/bsl.go:199.125,200.43 1 1
github.com/openshift/oadp-operator/controllers/bsl.go:205.2,205.14 1 1
github.com/openshift/oadp-operator/controllers/bsl.go:200.43,201.31 1 0
github.com/openshift/oadp-operator/controllers/bsl.go:201.31,203.4 1 0
github.com/openshift/oadp-operator/controllers/bsl.go:208.182,210.79 1 1
github.com/openshift/oadp-operator/controllers/bsl.go:214.2,218.16 3 1
github.com/openshift/oadp-operator/controllers/bsl.go:222.2,222.12 1 1
github.com/openshift/oadp-operator/controllers/bsl.go:210.79,213.3 1 1
github.com/openshift/oadp-operator/controllers/bsl.go:218.16,221.3 2 1
github.com/openshift/oadp-operator/controllers/bsl.go:225.88,228.57 2 1
github.com/openshift/oadp-operator/controllers/bsl.go:238.2,238.12 1 1
github.com/openshift/oadp-operator/controllers/bsl.go:228.57,233.35 3 1
github.com/openshift/oadp-operator/controllers/bsl.go:233.35,235.4 1 1
github.com/openshift/oadp-operator/controllers/predicate.go:11.66,14.46 1 0
github.com/openshift/oadp-operator/controllers/predicate.go:14.46,15.66 1 0
github.com/openshift/oadp-operator/controllers/predicate.go:18.4,18.44 1 0
github.com/openshift/oadp-operator/controllers/predicate.go:15.66,17.5 1 0
github.com/openshift/oadp-operator/controllers/predicate.go:21.46,23.4 1 0
github.com/openshift/oadp-operator/controllers/predicate.go:25.46,27.4 1 0
github.com/openshift/oadp-operator/controllers/predicate.go:34.70,36.16 2 0
github.com/openshift/oadp-operator/controllers/predicate.go:39.2,39.23 1 0
github.com/openshift/oadp-operator/controllers/predicate.go:42.2,43.120 2 0
github.com/openshift/oadp-operator/controllers/predicate.go:46.2,46.60 1 0
github.com/openshift/oadp-operator/controllers/predicate.go:36.16,38.3 1 0
github.com/openshift/oadp-operator/controllers/predicate.go:39.23,41.3 1 0
github.com/openshift/oadp-operator/controllers/predicate.go:43.120,45.3 1 0
github.com/openshift/oadp-operator/controllers/registry.go:137.79,139.68 2 0
github.com/openshift/oadp-operator/controllers/registry.go:143.2,152.86 4 0
github.com/openshift/oadp-operator/controllers/registry.go:157.2,157.54 1 0
github.com/openshift/oadp-operator/controllers/registry.go:202.2,202.18 1 0
github.com/openshift/oadp-operator/controllers/registry.go:139.68,141.3 1 0
github.com/openshift/oadp-operator/controllers/registry.go:152.86,154.3 1 0
github.com/openshift/oadp-operator/controllers/registry.go:157.54,165.98 2 0
github.com/openshift/oadp-operator/controllers/registry.go:185.3,185.17 1 0
github.com/openshift/oadp-operator/controllers/registry.go:191.3,191.97 1 0
github.com/openshift/oadp-operator/controllers/registry.go:165.98,168.64 1 0
github.com/openshift/oadp-operator/controllers/registry.go:176.4,177.18 2 0
github.com/openshift/oadp-operator/controllers/registry.go:181.4,182.14 2 0
github.com/openshift/oadp-operator/controllers/registry.go:168.64,174.5 1 0
github.com/openshift/oadp-operator/controllers/registry.go:177.18,179.5 1 0
github.com/openshift/oadp-operator/controllers/registry.go:185.17,187.4 1 0
github.com/openshift/oadp-operator/controllers/registry.go:191.97,198.4 1 0
github.com/openshift/oadp-operator/controllers/registry.go:206.163,210.16 2 1
github.com/openshift/oadp-operator/controllers/registry.go:214.2,232.12 3 1
github.com/openshift/oadp-operator/controllers/registry.go:210.16,212.3 1 0
github.com/openshift/oadp-operator/controllers/registry.go:235.104,243.2 2 1
github.com/openshift/oadp-operator/controllers/registry.go:245.63,247.2 1 1
github.com/openshift/oadp-operator/controllers/registry.go:249.116,251.16 2 1
github.com/openshift/oadp-operator/controllers/registry.go:255.2,291.24 2 1
github.com/openshift/oadp-operator/controllers/registry.go:251.16,254.3 2 0
github.com/openshift/oadp-operator/controllers/registry.go:294.109,298.18 4 1
github.com/openshift/oadp-operator/controllers/registry.go:308.2,308.16 1 1
github.com/openshift/oadp-operator/controllers/registry.go:311.2,311.20 1 1
github.com/openshift/oadp-operator/controllers/registry.go:299.19,300.82 1 1
github.com/openshift/oadp-operator/controllers/registry.go:302.21,303.81 1 0
github.com/openshift/oadp-operator/controllers/registry.go:305.19,306.77 1 0
github.com/openshift/oadp-operator/controllers/registry.go:308.16,310.3 1 0
github.com/openshift/oadp-operator/controllers/registry.go:314.140,320.16 3 1
github.com/openshift/oadp-operator/controllers/registry.go:326.2,327.16 2 1
github.com/openshift/oadp-operator/controllers/registry.go:332.2,332.28 1 1
github.com/openshift/oadp-operator/controllers/registry.go:362.2,362.24 1 1
github.com/openshift/oadp-operator/controllers/registry.go:320.16,323.3 2 0
github.com/openshift/oadp-operator/controllers/registry.go:327.16,330.3 2 0
github.com/openshift/oadp-operator/controllers/registry.go:332.28,334.64 1 1
github.com/openshift/oadp-operator/controllers/registry.go:338.3,338.61 1 1
github.com/openshift/oadp-operator/controllers/registry.go:342.3,342.61 1 1
github.com/openshift/oadp-operator/controllers/registry.go:346.3,346.64 1 1
github.com/openshift/oadp-operator/controllers/registry.go:350.3,350.101 1 1
github.com/openshift/oadp-operator/controllers/registry.go:354.3,354.108 1 1
github.com/openshift/oadp-operator/controllers/registry.go:358.3,358.113 1 1
github.com/openshift/oadp-operator/controllers/registry.go:334.64,336.4 1 1
github.com/openshift/oadp-operator/controllers/registry.go:338.61,340.4 1 1
github.com/openshift/oadp-operator/controllers/registry.go:342.61,344.4 1 1
github.com/openshift/oadp-operator/controllers/registry.go:346.64,348.4 1 1
github.com/openshift/oadp-operator/controllers/registry.go:350.101,352.4 1 1
github.com/openshift/oadp-operator/controllers/registry.go:354.108,356.4 1 1
github.com/openshift/oadp-operator/controllers/registry.go:358.113,360.4 1 1
github.com/openshift/oadp-operator/controllers/registry.go:365.135,366.30 1 1
github.com/openshift/oadp-operator/controllers/registry.go:379.2,379.21 1 1
github.com/openshift/oadp-operator/controllers/registry.go:366.30,367.69 1 1
github.com/openshift/oadp-operator/controllers/registry.go:371.3,371.71 1 1
github.com/openshift/oadp-operator/controllers/registry.go:375.3,375.70 1 1
github.com/openshift/oadp-operator/controllers/registry.go:367.69,369.4 1 1
github.com/openshift/oadp-operator/controllers/registry.go:371.71,373.4 1 1
github.com/openshift/oadp-operator/controllers/registry.go:375.70,377.4 1 1
github.com/openshift/oadp-operator/controllers/registry.go:382.131,383.28 1 1
github.com/openshift/oadp-operator/controllers/registry.go:395.2,395.19 1 1
github.com/openshift/oadp-operator/controllers/registry.go:383.28,384.53 1 1
github.com/openshift/oadp-operator/controllers/registry.go:388.3,388.54 1 1
github.com/openshift/oadp-operator/controllers/registry.go:391.3,391.100 1 1
github.com/openshift/oadp-operator/controllers/registry.go:384.53,386.4 1 1
github.com/openshift/oadp-operator/controllers/registry.go:388.54,390.4 1 1
github.com/openshift/oadp-operator/controllers/registry.go:391.100,393.4 1 1
github.com/openshift/oadp-operator/controllers/registry.go:398.88,407.16 4 1
github.com/openshift/oadp-operator/controllers/registry.go:411.2,411.20 1 1
github.com/openshift/oadp-operator/controllers/registry.go:407.16,409.3 1 1
github.com/openshift/oadp-operator/controllers/registry.go:414.138,420.23 3 1
github.com/openshift/oadp-operator/controllers/registry.go:429.2,429.30 1 1
github.com/openshift/oadp-operator/controllers/registry.go:420.23,421.31 1 1
github.com/openshift/oadp-operator/controllers/registry.go:424.3,424.30 1 1
github.com/openshift/oadp-operator/controllers/registry.go:421.31,423.4 1 1
github.com/openshift/oadp-operator/controllers/registry.go:424.30,426.4 1 0
github.com/openshift/oadp-operator/controllers/registry.go:432.107,438.16 4 1
github.com/openshift/oadp-operator/controllers/registry.go:441.2,442.16 2 1
github.com/openshift/oadp-operator/controllers/registry.go:445.2,446.16 2 1
github.com/openshift/oadp-operator/controllers/registry.go:449.2,449.35 1 1
github.com/openshift/oadp-operator/controllers/registry.go:489.2,489.24 1 1
github.com/openshift/oadp-operator/controllers/registry.go:493.2,493.24 1 1
github.com/openshift/oadp-operator/controllers/registry.go:498.2,498.40 1 1
github.com/openshift/oadp-operator/controllers/registry.go:438.16,440.3 1 0
github.com/openshift/oadp-operator/controllers/registry.go:442.16,444.3 1 0
github.com/openshift/oadp-operator/controllers/registry.go:446.16,448.3 1 0
github.com/openshift/oadp-operator/controllers/registry.go:449.35,450.17 1 1
github.com/openshift/oadp-operator/controllers/registry.go:453.3,453.37 1 1
github.com/openshift/oadp-operator/controllers/registry.go:457.3,459.17 2 1
github.com/openshift/oadp-operator/controllers/registry.go:464.3,464.23 1 1
github.com/openshift/oadp-operator/controllers/registry.go:476.3,478.23 2 1
github.com/openshift/oadp-operator/controllers/registry.go:450.17,451.12 1 0
github.com/openshift/oadp-operator/controllers/registry.go:453.37,454.12 1 1
github.com/openshift/oadp-operator/controllers/registry.go:459.17,462.4 2 0
github.com/openshift/oadp-operator/controllers/registry.go:464.23,467.27 3 1
github.com/openshift/oadp-operator/controllers/registry.go:471.4,472.12 2 1
github.com/openshift/oadp-operator/controllers/registry.go:467.27,470.5 2 0
github.com/openshift/oadp-operator/controllers/registry.go:478.23,481.27 3 1
github.com/openshift/oadp-operator/controllers/registry.go:485.4,486.12 2 1
github.com/openshift/oadp-operator/controllers/registry.go:481.27,484.5 2 0
github.com/openshift/oadp-operator/controllers/registry.go:489.24,492.3 2 0
github.com/openshift/oadp-operator/controllers/registry.go:493.24,496.3 2 0
github.com/openshift/oadp-operator/controllers/restic.go:45.35,47.15 2 1
github.com/openshift/oadp-operator/controllers/restic.go:50.2,50.12 1 0
github.com/openshift/oadp-operator/controllers/restic.go:47.15,49.3 1 1
github.com/openshift/oadp-operator/controllers/restic.go:53.65,61.2 1 1
github.com/openshift/oadp-operator/controllers/restic.go:63.84,65.68 2 0
github.com/openshift/oadp-operator/controllers/restic.go:70.2,73.67 2 0
github.com/openshift/oadp-operator/controllers/restic.go:98.2,98.81 1 0
github.com/openshift/oadp-operator/controllers/restic.go:115.2,115.16 1 0
github.com/openshift/oadp-operator/controllers/restic.go:119.2,119.96 1 0
github.com/openshift/oadp-operator/controllers/restic.go:128.2,128.18 1 0
github.com/openshift/oadp-operator/controllers/restic.go:65.68,67.3 1 0
github.com/openshift/oadp-operator/controllers/restic.go:73.67,78.22 2 0
github.com/openshift/oadp-operator/controllers/restic.go:87.3,88.131 2 0
github.com/openshift/oadp-operator/controllers/restic.go:93.3,95.19 2 0
github.com/openshift/oadp-operator/controllers/restic.go:78.22,79.30 1 0
github.com/openshift/oadp-operator/controllers/restic.go:82.4,82.21 1 0
github.com/openshift/oadp-operator/controllers/restic.go:79.30,81.5 1 0
github.com/openshift/oadp-operator/controllers/restic.go:88.131,92.4 2 0
github.com/openshift/oadp-operator/controllers/restic.go:98.81,101.47 1 0
github.com/openshift/oadp-operator/controllers/restic.go:105.3,105.86 1 0
github.com/openshift/oadp-operator/controllers/restic.go:109.3,109.64 1 0
github.com/openshift/oadp-operator/controllers/restic.go:112.3,112.13 1 0
github.com/openshift/oadp-operator/controllers/restic.go:101.47,103.4 1 0
github.com/openshift/oadp-operator/controllers/restic.go:105.86,107.4 1 0
github.com/openshift/oadp-operator/controllers/restic.go:109.64,111.4 1 0
github.com/openshift/oadp-operator/controllers/restic.go:115.16,117.3 1 0
github.com/openshift/oadp-operator/controllers/restic.go:119.96,126.3 1 0
github.com/openshift/oadp-operator/controllers/restic.go:137.127,138.19 1 1
github.com/openshift/oadp-operator/controllers/restic.go:141.2,141.15 1 1
github.com/openshift/oadp-operator/controllers/restic.go:145.2,156.47 6 1
github.com/openshift/oadp-operator/controllers/restic.go:138.19,140.3 1 1
github.com/openshift/oadp-operator/controllers/restic.go:141.15,143.3 1 1
github.com/openshift/oadp-operator/controllers/restic.go:159.131,185.52 6 1
github.com/openshift/oadp-operator/controllers/restic.go:191.2,195.61 3 1
github.com/openshift/oadp-operator/controllers/restic.go:202.2,202.28 1 1
github.com/openshift/oadp-operator/controllers/restic.go:232.2,232.75 1 1
github.com/openshift/oadp-operator/controllers/restic.go:235.2,235.16 1 1
github.com/openshift/oadp-operator/controllers/restic.go:185.52,186.27 1 1
github.com/openshift/oadp-operator/controllers/restic.go:186.27,188.4 1 1
github.com/openshift/oadp-operator/controllers/restic.go:195.61,196.31 1 1
github.com/openshift/oadp-operator/controllers/restic.go:196.31,198.9 2 1
github.com/openshift/oadp-operator/controllers/restic.go:202.28,230.3 4 1
github.com/openshift/oadp-operator/controllers/restic.go:232.75,234.3 1 0
github.com/openshift/oadp-operator/controllers/restic.go:238.94,240.68 2 0
github.com/openshift/oadp-operator/controllers/restic.go:244.2,251.101 2 0
github.com/openshift/oadp-operator/controllers/restic.go:258.2,258.16 1 0
github.com/openshift/oadp-operator/controllers/restic.go:264.2,264.96 1 0
github.com/openshift/oadp-operator/controllers/restic.go:272.2,272.18 1 0
github.com/openshift/oadp-operator/controllers/restic.go:240.68,242.3 1 0
github.com/openshift/oadp-operator/controllers/restic.go:251.101,256.3 2 0
github.com/openshift/oadp-operator/controllers/restic.go:258.16,260.3 1 0
github.com/openshift/oadp-operator/controllers/restic.go:264.96,271.3 1 0
github.com/openshift/oadp-operator/controllers/restic.go:275.132,279.16 2 1
github.com/openshift/oadp-operator/controllers/restic.go:283.2,292.12 3 1
github.com/openshift/oadp-operator/controllers/restic.go:279.16,281.3 1 0
github.com/openshift/oadp-operator/controllers/velero.go:51.89,53.68 2 0
github.com/openshift/oadp-operator/controllers/velero.go:56.2,62.87 2 0
github.com/openshift/oadp-operator/controllers/velero.go:75.2,75.16 1 0
github.com/openshift/oadp-operator/controllers/velero.go:81.2,81.96 1 0
github.com/openshift/oadp-operator/controllers/velero.go:89.2,89.18 1 0
github.com/openshift/oadp-operator/controllers/velero.go:53.68,55.3 1 0
github.com/openshift/oadp-operator/controllers/velero.go:62.87,65.17 2 0
github.com/openshift/oadp-operator/controllers/velero.go:70.3,72.13 3 0
github.com/openshift/oadp-operator/controllers/velero.go:65.17,67.4 1 0
github.com/openshift/oadp-operator/controllers/velero.go:75.16,77.3 1 0
github.com/openshift/oadp-operator/controllers/velero.go:81.96,88.3 1 0
github.com/openshift/oadp-operator/controllers/velero.go:93.79,95.68 2 0
github.com/openshift/oadp-operator/controllers/velero.go:100.2,100.84 1 0
github.com/openshift/oadp-operator/controllers/velero.go:107.2,107.18 1 0
github.com/openshift/oadp-operator/controllers/velero.go:95.68,97.3 1 0
github.com/openshift/oadp-operator/controllers/velero.go:100.84,102.17 2 0
github.com/openshift/oadp-operator/controllers/velero.go:102.17,104.4 1 0
github.com/openshift/oadp-operator/controllers/velero.go:110.69,113.62 2 0
github.com/openshift/oadp-operator/controllers/velero.go:147.2,147.12 1 0
github.com/openshift/oadp-operator/controllers/velero.go:113.62,116.108 3 0
github.com/openshift/oadp-operator/controllers/velero.go:120.3,123.107 2 0
github.com/openshift/oadp-operator/controllers/velero.go:116.108,118.4 1 0
github.com/openshift/oadp-operator/controllers/velero.go:123.107,124.30 1 0
github.com/openshift/oadp-operator/controllers/velero.go:124.30,127.58 2 0
github.com/openshift/oadp-operator/controllers/velero.go:127.58,129.6 1 0
github.com/openshift/oadp-operator/controllers/velero.go:130.10,133.5 1 0
github.com/openshift/oadp-operator/controllers/velero.go:134.9,136.51 1 0
github.com/openshift/oadp-operator/controllers/velero.go:136.51,140.63 3 0
github.com/openshift/oadp-operator/controllers/velero.go:140.63,142.6 1 0
github.com/openshift/oadp-operator/controllers/velero.go:150.93,152.68 2 0
github.com/openshift/oadp-operator/controllers/velero.go:155.2,156.16 2 0
github.com/openshift/oadp-operator/controllers/velero.go:159.2,159.88 1 0
github.com/openshift/oadp-operator/controllers/velero.go:173.2,173.16 1 0
github.com/openshift/oadp-operator/controllers/velero.go:179.2,179.96 1 0
github.com/openshift/oadp-operator/controllers/velero.go:187.2,187.18 1 0
github.com/openshift/oadp-operator/controllers/velero.go:152.68,154.3 1 0
github.com/openshift/oadp-operator/controllers/velero.go:156.16,158.3 1 0
github.com/openshift/oadp-operator/controllers/velero.go:159.88,171.3 3 0
github.com/openshift/oadp-operator/controllers/velero.go:173.16,175.3 1 0
github.com/openshift/oadp-operator/controllers/velero.go:179.96,186.3 1 0
github.com/openshift/oadp-operator/controllers/velero.go:190.100,192.68 2 0
github.com/openshift/oadp-operator/controllers/velero.go:195.2,200.54 3 0
github.com/openshift/oadp-operator/controllers/velero.go:204.2,209.88 2 0
github.com/openshift/oadp-operator/controllers/velero.go:221.2,221.16 1 0
github.com/openshift/oadp-operator/controllers/velero.go:227.2,227.96 1 0
github.com/openshift/oadp-operator/controllers/velero.go:235.2,235.18 1 0
github.com/openshift/oadp-operator/controllers/velero.go:192.68,194.3 1 0
github.com/openshift/oadp-operator/controllers/velero.go:200.54,202.3 1 0
github.com/openshift/oadp-operator/controllers/velero.go:209.88,219.3 1 0
github.com/openshift/oadp-operator/controllers/velero.go:221.16,223.3 1 0
github.com/openshift/oadp-operator/controllers/velero.go:227.96,234.3 1 0
github.com/openshift/oadp-operator/controllers/velero.go:238.85,240.68 2 0
github.com/openshift/oadp-operator/controllers/velero.go:244.2,251.95 2 0
github.com/openshift/oadp-operator/controllers/velero.go:268.2,268.16 1 0
github.com/openshift/oadp-operator/controllers/velero.go:274.2,274.96 1 0
github.com/openshift/oadp-operator/controllers/velero.go:282.2,282.18 1 0
github.com/openshift/oadp-operator/controllers/velero.go:240.68,242.3 1 0
github.com/openshift/oadp-operator/controllers/velero.go:251.95,254.61 1 0
github.com/openshift/oadp-operator/controllers/velero.go:259.3,260.17 2 0
github.com/openshift/oadp-operator/controllers/velero.go:265.3,265.60 1 0
github.com/openshift/oadp-operator/controllers/velero.go:254.61,256.4 1 0
github.com/openshift/oadp-operator/controllers/velero.go:260.17,262.4 1 0
github.com/openshift/oadp-operator/controllers/velero.go:268.16,270.3 1 0
github.com/openshift/oadp-operator/controllers/velero.go:274.96,281.3 1 0
github.com/openshift/oadp-operator/controllers/velero.go:285.110,290.2 4 0
github.com/openshift/oadp-operator/controllers/velero.go:292.118,296.2 3 0
github.com/openshift/oadp-operator/controllers/velero.go:298.169,342.2 21 0
github.com/openshift/oadp-operator/controllers/velero.go:345.122,347.19 1 1
github.com/openshift/oadp-operator/controllers/velero.go:350.2,350.29 1 1
github.com/openshift/oadp-operator/controllers/velero.go:355.2,355.58 1 1
github.com/openshift/oadp-operator/controllers/velero.go:371.2,386.62 6 1
github.com/openshift/oadp-operator/controllers/velero.go:347.19,349.3 1 1
github.com/openshift/oadp-operator/controllers/velero.go:350.29,352.3 1 1
github.com/openshift/oadp-operator/controllers/velero.go:355.58,356.46 1 1
github.com/openshift/oadp-operator/controllers/velero.go:356.46,359.63 2 0
github.com/openshift/oadp-operator/controllers/velero.go:365.4,365.28 1 0
github.com/openshift/oadp-operator/controllers/velero.go:368.4,368.9 1 0
github.com/openshift/oadp-operator/controllers/velero.go:359.63,360.44 1 0
github.com/openshift/oadp-operator/controllers/velero.go:360.44,362.11 2 0
github.com/openshift/oadp-operator/controllers/velero.go:365.28,367.5 1 0
github.com/openshift/oadp-operator/controllers/velero.go:389.126,408.63 6 1
github.com/openshift/oadp-operator/controllers/velero.go:412.2,413.75 2 1
github.com/openshift/oadp-operator/controllers/velero.go:419.2,419.94 1 1
github.com/openshift/oadp-operator/controllers/velero.go:422.2,422.89 1 1
github.com/openshift/oadp-operator/controllers/velero.go:408.63,410.3 1 1
github.com/openshift/oadp-operator/controllers/velero.go:413.75,414.38 1 1
github.com/openshift/oadp-operator/controllers/velero.go:414.38,416.9 2 1
github.com/openshift/oadp-operator/controllers/velero.go:419.94,421.3 1 0
github.com/openshift/oadp-operator/controllers/velero.go:425.160,426.28 1 1
github.com/openshift/oadp-operator/controllers/velero.go:429.2,453.40 5 1
github.com/openshift/oadp-operator/controllers/velero.go:457.2,459.12 2 1
github.com/openshift/oadp-operator/controllers/velero.go:426.28,428.3 1 0
github.com/openshift/oadp-operator/controllers/velero.go:453.40,455.3 1 0
github.com/openshift/oadp-operator/controllers/velero.go:462.57,463.73 1 1
github.com/openshift/oadp-operator/controllers/velero.go:466.2,466.36 1 1
github.com/openshift/oadp-operator/controllers/velero.go:469.2,469.131 1 0
github.com/openshift/oadp-operator/controllers/velero.go:463.73,465.3 1 1
github.com/openshift/oadp-operator/controllers/velero.go:466.36,468.3 1 1
github.com/openshift/oadp-operator/controllers/velero.go:472.88,480.2 2 1
github.com/openshift/oadp-operator/controllers/velero.go:483.107,497.19 2 1
github.com/openshift/oadp-operator/controllers/velero.go:512.2,512.22 1 1
github.com/openshift/oadp-operator/controllers/velero.go:497.19,500.60 1 1
github.com/openshift/oadp-operator/controllers/velero.go:505.3,505.58 1 1
github.com/openshift/oadp-operator/controllers/velero.go:500.60,503.4 2 1
github.com/openshift/oadp-operator/controllers/velero.go:505.58,508.4 2 1
