mode: set
github.com/openshift/oadp-operator/controllers/velero.go:76.89,78.68 2 0
github.com/openshift/oadp-operator/controllers/velero.go:81.2,87.87 2 0
github.com/openshift/oadp-operator/controllers/velero.go:100.2,100.16 1 0
github.com/openshift/oadp-operator/controllers/velero.go:106.2,106.96 1 0
github.com/openshift/oadp-operator/controllers/velero.go:114.2,114.18 1 0
github.com/openshift/oadp-operator/controllers/velero.go:78.68,80.3 1 0
github.com/openshift/oadp-operator/controllers/velero.go:87.87,90.17 2 0
github.com/openshift/oadp-operator/controllers/velero.go:95.3,97.13 3 0
github.com/openshift/oadp-operator/controllers/velero.go:90.17,92.4 1 0
github.com/openshift/oadp-operator/controllers/velero.go:100.16,102.3 1 0
github.com/openshift/oadp-operator/controllers/velero.go:106.96,113.3 1 0
github.com/openshift/oadp-operator/controllers/velero.go:118.79,120.68 2 0
github.com/openshift/oadp-operator/controllers/velero.go:125.2,125.84 1 0
github.com/openshift/oadp-operator/controllers/velero.go:132.2,132.18 1 0
github.com/openshift/oadp-operator/controllers/velero.go:120.68,122.3 1 0
github.com/openshift/oadp-operator/controllers/velero.go:125.84,127.17 2 0
github.com/openshift/oadp-operator/controllers/velero.go:127.17,129.4 1 0
github.com/openshift/oadp-operator/controllers/velero.go:135.69,138.62 2 0
github.com/openshift/oadp-operator/controllers/velero.go:172.2,172.12 1 0
github.com/openshift/oadp-operator/controllers/velero.go:138.62,141.108 3 0
github.com/openshift/oadp-operator/controllers/velero.go:145.3,148.107 2 0
github.com/openshift/oadp-operator/controllers/velero.go:141.108,143.4 1 0
github.com/openshift/oadp-operator/controllers/velero.go:148.107,149.30 1 0
github.com/openshift/oadp-operator/controllers/velero.go:149.30,152.58 2 0
github.com/openshift/oadp-operator/controllers/velero.go:152.58,154.6 1 0
github.com/openshift/oadp-operator/controllers/velero.go:155.10,158.5 1 0
github.com/openshift/oadp-operator/controllers/velero.go:159.9,161.51 1 0
github.com/openshift/oadp-operator/controllers/velero.go:161.51,165.63 3 0
github.com/openshift/oadp-operator/controllers/velero.go:165.63,167.6 1 0
github.com/openshift/oadp-operator/controllers/velero.go:175.93,177.68 2 0
github.com/openshift/oadp-operator/controllers/velero.go:180.2,181.16 2 0
github.com/openshift/oadp-operator/controllers/velero.go:184.2,184.88 1 0
github.com/openshift/oadp-operator/controllers/velero.go:198.2,198.16 1 0
github.com/openshift/oadp-operator/controllers/velero.go:204.2,204.96 1 0
github.com/openshift/oadp-operator/controllers/velero.go:212.2,212.18 1 0
github.com/openshift/oadp-operator/controllers/velero.go:177.68,179.3 1 0
github.com/openshift/oadp-operator/controllers/velero.go:181.16,183.3 1 0
github.com/openshift/oadp-operator/controllers/velero.go:184.88,196.3 3 0
github.com/openshift/oadp-operator/controllers/velero.go:198.16,200.3 1 0
github.com/openshift/oadp-operator/controllers/velero.go:204.96,211.3 1 0
github.com/openshift/oadp-operator/controllers/velero.go:215.100,217.68 2 0
github.com/openshift/oadp-operator/controllers/velero.go:220.2,225.54 3 0
github.com/openshift/oadp-operator/controllers/velero.go:229.2,234.88 2 0
github.com/openshift/oadp-operator/controllers/velero.go:246.2,246.16 1 0
github.com/openshift/oadp-operator/controllers/velero.go:252.2,252.96 1 0
github.com/openshift/oadp-operator/controllers/velero.go:260.2,260.18 1 0
github.com/openshift/oadp-operator/controllers/velero.go:217.68,219.3 1 0
github.com/openshift/oadp-operator/controllers/velero.go:225.54,227.3 1 0
github.com/openshift/oadp-operator/controllers/velero.go:234.88,244.3 1 0
github.com/openshift/oadp-operator/controllers/velero.go:246.16,248.3 1 0
github.com/openshift/oadp-operator/controllers/velero.go:252.96,259.3 1 0
github.com/openshift/oadp-operator/controllers/velero.go:263.85,265.68 2 0
github.com/openshift/oadp-operator/controllers/velero.go:269.2,276.95 2 0
github.com/openshift/oadp-operator/controllers/velero.go:297.2,297.16 1 0
github.com/openshift/oadp-operator/controllers/velero.go:303.2,303.96 1 0
github.com/openshift/oadp-operator/controllers/velero.go:311.2,311.18 1 0
github.com/openshift/oadp-operator/controllers/velero.go:265.68,267.3 1 0
github.com/openshift/oadp-operator/controllers/velero.go:276.95,279.61 1 0
github.com/openshift/oadp-operator/controllers/velero.go:288.3,289.17 2 0
github.com/openshift/oadp-operator/controllers/velero.go:294.3,294.60 1 0
github.com/openshift/oadp-operator/controllers/velero.go:279.61,285.4 1 0
github.com/openshift/oadp-operator/controllers/velero.go:289.17,291.4 1 0
github.com/openshift/oadp-operator/controllers/velero.go:297.16,299.3 1 0
github.com/openshift/oadp-operator/controllers/velero.go:303.96,310.3 1 0
github.com/openshift/oadp-operator/controllers/velero.go:314.110,319.2 4 0
github.com/openshift/oadp-operator/controllers/velero.go:321.118,325.2 3 0
github.com/openshift/oadp-operator/controllers/velero.go:327.169,371.2 21 0
github.com/openshift/oadp-operator/controllers/velero.go:374.122,376.19 1 1
github.com/openshift/oadp-operator/controllers/velero.go:379.2,379.29 1 1
github.com/openshift/oadp-operator/controllers/velero.go:384.2,500.45 7 1
github.com/openshift/oadp-operator/controllers/velero.go:506.2,507.40 2 1
github.com/openshift/oadp-operator/controllers/velero.go:510.2,515.16 4 1
github.com/openshift/oadp-operator/controllers/velero.go:519.2,519.12 1 1
github.com/openshift/oadp-operator/controllers/velero.go:376.19,378.3 1 1
github.com/openshift/oadp-operator/controllers/velero.go:379.29,381.3 1 1
github.com/openshift/oadp-operator/controllers/velero.go:500.45,503.3 2 0
github.com/openshift/oadp-operator/controllers/velero.go:507.40,509.3 1 0
github.com/openshift/oadp-operator/controllers/velero.go:515.16,517.3 1 0
github.com/openshift/oadp-operator/controllers/velero.go:522.30,524.2 1 1
github.com/openshift/oadp-operator/controllers/velero.go:526.88,534.2 2 1
github.com/openshift/oadp-operator/controllers/velero.go:537.107,551.19 2 1
github.com/openshift/oadp-operator/controllers/velero.go:566.2,566.22 1 1
github.com/openshift/oadp-operator/controllers/velero.go:551.19,554.60 1 1
github.com/openshift/oadp-operator/controllers/velero.go:559.3,559.58 1 1
github.com/openshift/oadp-operator/controllers/velero.go:554.60,557.4 2 1
github.com/openshift/oadp-operator/controllers/velero.go:559.58,562.4 2 1
github.com/openshift/oadp-operator/controllers/velero_controller.go:71.98,80.64 7 0
github.com/openshift/oadp-operator/controllers/velero_controller.go:84.2,98.16 2 0
github.com/openshift/oadp-operator/controllers/velero_controller.go:117.2,118.16 2 0
github.com/openshift/oadp-operator/controllers/velero_controller.go:122.2,122.27 1 0
github.com/openshift/oadp-operator/controllers/velero_controller.go:80.64,83.3 2 0
github.com/openshift/oadp-operator/controllers/velero_controller.go:98.16,107.3 1 0
github.com/openshift/oadp-operator/controllers/velero_controller.go:107.8,116.3 1 0
github.com/openshift/oadp-operator/controllers/velero_controller.go:118.16,120.3 1 0
github.com/openshift/oadp-operator/controllers/velero_controller.go:126.69,141.2 1 0
github.com/openshift/oadp-operator/controllers/velero_controller.go:147.83,148.35 1 0
github.com/openshift/oadp-operator/controllers/velero_controller.go:153.2,153.18 1 0
github.com/openshift/oadp-operator/controllers/velero_controller.go:148.35,149.45 1 0
github.com/openshift/oadp-operator/controllers/velero_controller.go:149.45,151.4 1 0
github.com/openshift/oadp-operator/controllers/vsl.go:13.91,15.68 2 0
github.com/openshift/oadp-operator/controllers/vsl.go:20.2,20.18 1 0
github.com/openshift/oadp-operator/controllers/vsl.go:15.68,17.3 1 0
github.com/openshift/oadp-operator/controllers/vsl.go:23.92,25.68 2 0
github.com/openshift/oadp-operator/controllers/vsl.go:30.2,30.62 1 0
github.com/openshift/oadp-operator/controllers/vsl.go:70.2,70.18 1 0
github.com/openshift/oadp-operator/controllers/vsl.go:25.68,27.3 1 0
github.com/openshift/oadp-operator/controllers/vsl.go:30.62,42.84 2 0
github.com/openshift/oadp-operator/controllers/vsl.go:57.3,57.17 1 0
github.com/openshift/oadp-operator/controllers/vsl.go:60.3,60.97 1 0
github.com/openshift/oadp-operator/controllers/vsl.go:42.84,49.18 2 0
github.com/openshift/oadp-operator/controllers/vsl.go:54.4,55.14 2 0
github.com/openshift/oadp-operator/controllers/vsl.go:49.18,51.5 1 0
github.com/openshift/oadp-operator/controllers/vsl.go:57.17,59.4 1 0
github.com/openshift/oadp-operator/controllers/vsl.go:60.97,67.4 1 0
github.com/openshift/oadp-operator/controllers/bsl.go:16.90,18.68 2 1
github.com/openshift/oadp-operator/controllers/bsl.go:22.2,22.73 1 1
github.com/openshift/oadp-operator/controllers/bsl.go:27.2,27.61 1 1
github.com/openshift/oadp-operator/controllers/bsl.go:58.2,58.18 1 1
github.com/openshift/oadp-operator/controllers/bsl.go:18.68,20.3 1 0
github.com/openshift/oadp-operator/controllers/bsl.go:22.73,24.3 1 1
github.com/openshift/oadp-operator/controllers/bsl.go:27.61,29.25 2 1
github.com/openshift/oadp-operator/controllers/bsl.go:34.3,34.19 1 1
github.com/openshift/oadp-operator/controllers/bsl.go:29.25,31.4 1 1
github.com/openshift/oadp-operator/controllers/bsl.go:35.37,37.18 2 1
github.com/openshift/oadp-operator/controllers/bsl.go:40.41,42.18 2 1
github.com/openshift/oadp-operator/controllers/bsl.go:45.37,47.18 2 1
github.com/openshift/oadp-operator/controllers/bsl.go:51.11,52.98 1 1
github.com/openshift/oadp-operator/controllers/bsl.go:37.18,39.5 1 1
github.com/openshift/oadp-operator/controllers/bsl.go:42.18,44.5 1 1
github.com/openshift/oadp-operator/controllers/bsl.go:47.18,49.5 1 1
github.com/openshift/oadp-operator/controllers/bsl.go:61.91,63.68 2 0
github.com/openshift/oadp-operator/controllers/bsl.go:67.2,67.61 1 0
github.com/openshift/oadp-operator/controllers/bsl.go:102.2,102.18 1 0
github.com/openshift/oadp-operator/controllers/bsl.go:63.68,65.3 1 0
github.com/openshift/oadp-operator/controllers/bsl.go:67.61,79.84 2 0
github.com/openshift/oadp-operator/controllers/bsl.go:90.3,90.17 1 0
github.com/openshift/oadp-operator/controllers/bsl.go:93.3,93.97 1 0
github.com/openshift/oadp-operator/controllers/bsl.go:79.84,89.4 2 0
github.com/openshift/oadp-operator/controllers/bsl.go:90.17,92.4 1 0
github.com/openshift/oadp-operator/controllers/bsl.go:93.97,100.4 1 0
github.com/openshift/oadp-operator/controllers/bsl.go:105.118,108.16 2 1
github.com/openshift/oadp-operator/controllers/bsl.go:112.2,120.12 2 1
github.com/openshift/oadp-operator/controllers/bsl.go:108.16,110.3 1 0
github.com/openshift/oadp-operator/controllers/bsl.go:123.140,126.16 2 1
github.com/openshift/oadp-operator/controllers/bsl.go:131.2,131.34 1 1
github.com/openshift/oadp-operator/controllers/bsl.go:135.2,135.44 1 1
github.com/openshift/oadp-operator/controllers/bsl.go:139.2,139.38 1 1
github.com/openshift/oadp-operator/controllers/bsl.go:145.2,145.12 1 1
github.com/openshift/oadp-operator/controllers/bsl.go:126.16,128.3 1 1
github.com/openshift/oadp-operator/controllers/bsl.go:131.34,133.3 1 1
github.com/openshift/oadp-operator/controllers/bsl.go:135.44,137.3 1 1
github.com/openshift/oadp-operator/controllers/bsl.go:139.38,141.3 1 1
github.com/openshift/oadp-operator/controllers/bsl.go:148.142,151.16 2 1
github.com/openshift/oadp-operator/controllers/bsl.go:156.2,156.34 1 1
github.com/openshift/oadp-operator/controllers/bsl.go:160.2,160.44 1 1
github.com/openshift/oadp-operator/controllers/bsl.go:164.2,164.45 1 1
github.com/openshift/oadp-operator/controllers/bsl.go:168.2,168.46 1 1
github.com/openshift/oadp-operator/controllers/bsl.go:172.2,172.12 1 1
github.com/openshift/oadp-operator/controllers/bsl.go:151.16,153.3 1 0
github.com/openshift/oadp-operator/controllers/bsl.go:156.34,158.3 1 0
github.com/openshift/oadp-operator/controllers/bsl.go:160.44,162.3 1 0
github.com/openshift/oadp-operator/controllers/bsl.go:164.45,166.3 1 1
github.com/openshift/oadp-operator/controllers/bsl.go:168.46,170.3 1 1
github.com/openshift/oadp-operator/controllers/bsl.go:175.140,178.16 2 1
github.com/openshift/oadp-operator/controllers/bsl.go:183.2,183.34 1 1
github.com/openshift/oadp-operator/controllers/bsl.go:187.2,187.44 1 1
github.com/openshift/oadp-operator/controllers/bsl.go:191.2,191.12 1 1
github.com/openshift/oadp-operator/controllers/bsl.go:178.16,180.3 1 0
github.com/openshift/oadp-operator/controllers/bsl.go:183.34,185.3 1 0
github.com/openshift/oadp-operator/controllers/bsl.go:187.44,189.3 1 1
github.com/openshift/oadp-operator/controllers/bsl.go:194.125,195.43 1 1
github.com/openshift/oadp-operator/controllers/bsl.go:200.2,200.14 1 1
github.com/openshift/oadp-operator/controllers/bsl.go:195.43,196.31 1 0
github.com/openshift/oadp-operator/controllers/bsl.go:196.31,198.4 1 0
github.com/openshift/oadp-operator/controllers/bsl.go:203.182,205.79 1 1
github.com/openshift/oadp-operator/controllers/bsl.go:211.2,213.67 2 1
github.com/openshift/oadp-operator/controllers/bsl.go:217.2,219.16 2 1
github.com/openshift/oadp-operator/controllers/bsl.go:223.2,223.12 1 1
github.com/openshift/oadp-operator/controllers/bsl.go:205.79,208.3 1 1
github.com/openshift/oadp-operator/controllers/bsl.go:213.67,215.3 1 1
github.com/openshift/oadp-operator/controllers/bsl.go:219.16,222.3 2 1
github.com/openshift/oadp-operator/controllers/predicate.go:13.66,16.46 1 0
github.com/openshift/oadp-operator/controllers/predicate.go:16.46,17.66 1 0
github.com/openshift/oadp-operator/controllers/predicate.go:20.4,20.44 1 0
github.com/openshift/oadp-operator/controllers/predicate.go:17.66,19.5 1 0
github.com/openshift/oadp-operator/controllers/predicate.go:23.46,25.4 1 0
github.com/openshift/oadp-operator/controllers/predicate.go:27.46,29.4 1 0
github.com/openshift/oadp-operator/controllers/predicate.go:36.70,39.16 3 0
github.com/openshift/oadp-operator/controllers/predicate.go:43.2,43.23 1 0
github.com/openshift/oadp-operator/controllers/predicate.go:47.2,48.120 2 0
github.com/openshift/oadp-operator/controllers/predicate.go:51.2,51.60 1 0
github.com/openshift/oadp-operator/controllers/predicate.go:39.16,42.3 2 0
github.com/openshift/oadp-operator/controllers/predicate.go:43.23,46.3 2 0
github.com/openshift/oadp-operator/controllers/predicate.go:48.120,50.3 1 0
github.com/openshift/oadp-operator/controllers/registry.go:136.79,138.68 2 0
github.com/openshift/oadp-operator/controllers/registry.go:142.2,151.86 4 0
github.com/openshift/oadp-operator/controllers/registry.go:156.2,156.54 1 0
github.com/openshift/oadp-operator/controllers/registry.go:201.2,201.18 1 0
github.com/openshift/oadp-operator/controllers/registry.go:138.68,140.3 1 0
github.com/openshift/oadp-operator/controllers/registry.go:151.86,153.3 1 0
github.com/openshift/oadp-operator/controllers/registry.go:156.54,164.98 2 0
github.com/openshift/oadp-operator/controllers/registry.go:184.3,184.17 1 0
github.com/openshift/oadp-operator/controllers/registry.go:190.3,190.97 1 0
github.com/openshift/oadp-operator/controllers/registry.go:164.98,167.64 1 0
github.com/openshift/oadp-operator/controllers/registry.go:175.4,176.18 2 0
github.com/openshift/oadp-operator/controllers/registry.go:180.4,181.14 2 0
github.com/openshift/oadp-operator/controllers/registry.go:167.64,173.5 1 0
github.com/openshift/oadp-operator/controllers/registry.go:176.18,178.5 1 0
github.com/openshift/oadp-operator/controllers/registry.go:184.17,186.4 1 0
github.com/openshift/oadp-operator/controllers/registry.go:190.97,197.4 1 0
github.com/openshift/oadp-operator/controllers/registry.go:205.134,209.16 2 1
github.com/openshift/oadp-operator/controllers/registry.go:213.2,230.12 3 1
github.com/openshift/oadp-operator/controllers/registry.go:209.16,211.3 1 0
github.com/openshift/oadp-operator/controllers/registry.go:233.104,241.2 2 1
github.com/openshift/oadp-operator/controllers/registry.go:243.63,245.2 1 1
github.com/openshift/oadp-operator/controllers/registry.go:247.116,249.16 2 1
github.com/openshift/oadp-operator/controllers/registry.go:253.2,289.24 2 1
github.com/openshift/oadp-operator/controllers/registry.go:249.16,252.3 2 0
github.com/openshift/oadp-operator/controllers/registry.go:292.109,296.18 4 1
github.com/openshift/oadp-operator/controllers/registry.go:306.2,306.16 1 1
github.com/openshift/oadp-operator/controllers/registry.go:309.2,309.20 1 1
github.com/openshift/oadp-operator/controllers/registry.go:297.19,298.82 1 1
github.com/openshift/oadp-operator/controllers/registry.go:300.21,301.81 1 0
github.com/openshift/oadp-operator/controllers/registry.go:303.19,304.77 1 0
github.com/openshift/oadp-operator/controllers/registry.go:306.16,308.3 1 0
github.com/openshift/oadp-operator/controllers/registry.go:312.140,318.16 3 1
github.com/openshift/oadp-operator/controllers/registry.go:324.2,325.16 2 1
github.com/openshift/oadp-operator/controllers/registry.go:330.2,330.28 1 1
github.com/openshift/oadp-operator/controllers/registry.go:360.2,360.24 1 1
github.com/openshift/oadp-operator/controllers/registry.go:318.16,321.3 2 0
github.com/openshift/oadp-operator/controllers/registry.go:325.16,328.3 2 0
github.com/openshift/oadp-operator/controllers/registry.go:330.28,332.64 1 1
github.com/openshift/oadp-operator/controllers/registry.go:336.3,336.61 1 1
github.com/openshift/oadp-operator/controllers/registry.go:340.3,340.61 1 1
github.com/openshift/oadp-operator/controllers/registry.go:344.3,344.64 1 1
github.com/openshift/oadp-operator/controllers/registry.go:348.3,348.101 1 1
github.com/openshift/oadp-operator/controllers/registry.go:352.3,352.108 1 1
github.com/openshift/oadp-operator/controllers/registry.go:356.3,356.113 1 1
github.com/openshift/oadp-operator/controllers/registry.go:332.64,334.4 1 1
github.com/openshift/oadp-operator/controllers/registry.go:336.61,338.4 1 1
github.com/openshift/oadp-operator/controllers/registry.go:340.61,342.4 1 1
github.com/openshift/oadp-operator/controllers/registry.go:344.64,346.4 1 1
github.com/openshift/oadp-operator/controllers/registry.go:348.101,350.4 1 1
github.com/openshift/oadp-operator/controllers/registry.go:352.108,354.4 1 1
github.com/openshift/oadp-operator/controllers/registry.go:356.113,358.4 1 1
github.com/openshift/oadp-operator/controllers/registry.go:363.135,364.30 1 1
github.com/openshift/oadp-operator/controllers/registry.go:377.2,377.21 1 1
github.com/openshift/oadp-operator/controllers/registry.go:364.30,365.69 1 1
github.com/openshift/oadp-operator/controllers/registry.go:369.3,369.71 1 1
github.com/openshift/oadp-operator/controllers/registry.go:373.3,373.70 1 1
github.com/openshift/oadp-operator/controllers/registry.go:365.69,367.4 1 1
github.com/openshift/oadp-operator/controllers/registry.go:369.71,371.4 1 1
github.com/openshift/oadp-operator/controllers/registry.go:373.70,375.4 1 1
github.com/openshift/oadp-operator/controllers/registry.go:380.131,381.28 1 1
github.com/openshift/oadp-operator/controllers/registry.go:393.2,393.19 1 1
github.com/openshift/oadp-operator/controllers/registry.go:381.28,382.53 1 1
github.com/openshift/oadp-operator/controllers/registry.go:386.3,386.54 1 1
github.com/openshift/oadp-operator/controllers/registry.go:389.3,389.100 1 1
github.com/openshift/oadp-operator/controllers/registry.go:382.53,384.4 1 1
github.com/openshift/oadp-operator/controllers/registry.go:386.54,388.4 1 1
github.com/openshift/oadp-operator/controllers/registry.go:389.100,391.4 1 1
github.com/openshift/oadp-operator/controllers/registry.go:396.88,405.16 4 1
github.com/openshift/oadp-operator/controllers/registry.go:409.2,409.20 1 1
github.com/openshift/oadp-operator/controllers/registry.go:405.16,407.3 1 1
github.com/openshift/oadp-operator/controllers/registry.go:412.138,415.23 1 1
github.com/openshift/oadp-operator/controllers/registry.go:420.2,420.118 1 1
github.com/openshift/oadp-operator/controllers/registry.go:415.23,417.3 1 0
github.com/openshift/oadp-operator/controllers/registry.go:423.107,428.35 3 1
github.com/openshift/oadp-operator/controllers/registry.go:465.2,465.40 1 1
github.com/openshift/oadp-operator/controllers/registry.go:428.35,432.17 2 1
github.com/openshift/oadp-operator/controllers/registry.go:437.3,437.23 1 1
github.com/openshift/oadp-operator/controllers/registry.go:448.3,449.17 2 1
github.com/openshift/oadp-operator/controllers/registry.go:454.3,454.23 1 1
github.com/openshift/oadp-operator/controllers/registry.go:432.17,435.4 2 0
github.com/openshift/oadp-operator/controllers/registry.go:437.23,440.27 3 1
github.com/openshift/oadp-operator/controllers/registry.go:444.4,444.31 1 1
github.com/openshift/oadp-operator/controllers/registry.go:440.27,443.5 2 0
github.com/openshift/oadp-operator/controllers/registry.go:449.17,452.4 2 0
github.com/openshift/oadp-operator/controllers/registry.go:454.23,457.27 3 1
github.com/openshift/oadp-operator/controllers/registry.go:461.4,461.31 1 1
github.com/openshift/oadp-operator/controllers/registry.go:457.27,460.5 2 0
github.com/openshift/oadp-operator/controllers/restic.go:34.35,36.15 2 1
github.com/openshift/oadp-operator/controllers/restic.go:39.2,39.12 1 0
github.com/openshift/oadp-operator/controllers/restic.go:36.15,38.3 1 1
github.com/openshift/oadp-operator/controllers/restic.go:42.65,47.2 1 1
github.com/openshift/oadp-operator/controllers/restic.go:49.84,51.68 2 0
github.com/openshift/oadp-operator/controllers/restic.go:56.2,59.67 2 0
github.com/openshift/oadp-operator/controllers/restic.go:80.2,80.81 1 0
github.com/openshift/oadp-operator/controllers/restic.go:101.2,101.16 1 0
github.com/openshift/oadp-operator/controllers/restic.go:105.2,105.96 1 0
github.com/openshift/oadp-operator/controllers/restic.go:114.2,114.18 1 0
github.com/openshift/oadp-operator/controllers/restic.go:51.68,53.3 1 0
github.com/openshift/oadp-operator/controllers/restic.go:59.67,64.22 2 0
github.com/openshift/oadp-operator/controllers/restic.go:77.3,77.19 1 0
github.com/openshift/oadp-operator/controllers/restic.go:64.22,69.132 2 0
github.com/openshift/oadp-operator/controllers/restic.go:73.4,73.90 1 0
github.com/openshift/oadp-operator/controllers/restic.go:69.132,72.5 2 0
github.com/openshift/oadp-operator/controllers/restic.go:74.9,76.4 1 0
github.com/openshift/oadp-operator/controllers/restic.go:80.81,83.47 1 0
github.com/openshift/oadp-operator/controllers/restic.go:91.3,91.86 1 0
github.com/openshift/oadp-operator/controllers/restic.go:95.3,95.64 1 0
github.com/openshift/oadp-operator/controllers/restic.go:98.3,98.13 1 0
github.com/openshift/oadp-operator/controllers/restic.go:83.47,89.4 1 0
github.com/openshift/oadp-operator/controllers/restic.go:91.86,93.4 1 0
github.com/openshift/oadp-operator/controllers/restic.go:95.64,97.4 1 0
github.com/openshift/oadp-operator/controllers/restic.go:101.16,103.3 1 0
github.com/openshift/oadp-operator/controllers/restic.go:105.96,112.3 1 0
github.com/openshift/oadp-operator/controllers/restic.go:123.127,124.19 1 1
github.com/openshift/oadp-operator/controllers/restic.go:127.2,127.15 1 1
github.com/openshift/oadp-operator/controllers/restic.go:130.2,249.75 2 1
github.com/openshift/oadp-operator/controllers/restic.go:252.2,252.16 1 1
github.com/openshift/oadp-operator/controllers/restic.go:124.19,126.3 1 1
github.com/openshift/oadp-operator/controllers/restic.go:127.15,129.3 1 1
github.com/openshift/oadp-operator/controllers/restic.go:249.75,251.3 1 0
github.com/openshift/oadp-operator/controllers/restic.go:255.30,257.2 1 1
